==18566== Memcheck, a memory error detector
==18566== Copyright (C) 2002-2017, and GNU GPL'd, by Julian Seward et al.
==18566== Using Valgrind-3.13.0 and LibVEX; rerun with -h for copyright info
==18566== Command: ./crawler http://cs50tse.cs.dartmouth.edu/tse/letters/ data/seed0/depth1/ 3
==18566== 
 0   Fetched: http://cs50tse.cs.dartmouth.edu/tse/letters/
 0     Saved: http://cs50tse.cs.dartmouth.edu/tse/letters/
 0  Scanning: http://cs50tse.cs.dartmouth.edu/tse/letters/
 1      Found: http://cs50tse.cs.dartmouth.edu/tse/letters/A.html
 1      Added: http://cs50tse.cs.dartmouth.edu/tse/letters/A.html
 1    Fetched: http://cs50tse.cs.dartmouth.edu/tse/letters/A.html
 1      Saved: http://cs50tse.cs.dartmouth.edu/tse/letters/A.html
 1   Scanning: http://cs50tse.cs.dartmouth.edu/tse/letters/A.html
 2       Found: https://en.wikipedia.org/wiki/Algorithm
 2    IgnExtrn: https://en.wikipedia.org/wiki/Algorithm
 2       Found: http://cs50tse.cs.dartmouth.edu/tse/letters/B.html
 2       Added: http://cs50tse.cs.dartmouth.edu/tse/letters/B.html
 2       Found: http://cs50tse.cs.dartmouth.edu/tse/letters/index.html
 2       Added: http://cs50tse.cs.dartmouth.edu/tse/letters/index.html
 2     Fetched: http://cs50tse.cs.dartmouth.edu/tse/letters/index.html
 2       Saved: http://cs50tse.cs.dartmouth.edu/tse/letters/index.html
 2    Scanning: http://cs50tse.cs.dartmouth.edu/tse/letters/index.html
 3        Found: http://cs50tse.cs.dartmouth.edu/tse/letters/A.html
 3      IgnDupl: http://cs50tse.cs.dartmouth.edu/tse/letters/A.html
 2     Fetched: http://cs50tse.cs.dartmouth.edu/tse/letters/B.html
 2       Saved: http://cs50tse.cs.dartmouth.edu/tse/letters/B.html
 2    Scanning: http://cs50tse.cs.dartmouth.edu/tse/letters/B.html
 3        Found: https://en.wikipedia.org/wiki/Breadth-first_search
 3     IgnExtrn: https://en.wikipedia.org/wiki/Breadth-first_search
 3        Found: http://cs50tse.cs.dartmouth.edu/tse/letters/C.html
 3        Added: http://cs50tse.cs.dartmouth.edu/tse/letters/C.html
 3        Found: http://cs50tse.cs.dartmouth.edu/tse/letters/D.html
 3        Added: http://cs50tse.cs.dartmouth.edu/tse/letters/D.html
 3        Found: http://cs50tse.cs.dartmouth.edu/tse/letters/E.html
 3        Added: http://cs50tse.cs.dartmouth.edu/tse/letters/E.html
 3        Found: http://cs50tse.cs.dartmouth.edu/tse/letters/index.html
 3      IgnDupl: http://cs50tse.cs.dartmouth.edu/tse/letters/index.html
 3      Fetched: http://cs50tse.cs.dartmouth.edu/tse/letters/E.html
 3        Saved: http://cs50tse.cs.dartmouth.edu/tse/letters/E.html
 3      Fetched: http://cs50tse.cs.dartmouth.edu/tse/letters/D.html
 3        Saved: http://cs50tse.cs.dartmouth.edu/tse/letters/D.html
 3      Fetched: http://cs50tse.cs.dartmouth.edu/tse/letters/C.html
 3        Saved: http://cs50tse.cs.dartmouth.edu/tse/letters/C.html
==18566== 
==18566== HEAP SUMMARY:
==18566==     in use at exit: 0 bytes in 0 blocks
==18566==   total heap usage: 1,537 allocs, 1,537 frees, 248,511 bytes allocated
==18566== 
==18566== All heap blocks were freed -- no leaks are possible
==18566== 
==18566== For counts of detected and suppressed errors, rerun with: -v
==18566== ERROR SUMMARY: 0 errors from 0 contexts (suppressed: 0 from 0)
